12:54:56 **** Build of configuration Debug for project lab1 ****
make -j8 all 
arm-none-eabi-gcc "../Core/Src/main.c" -mcpu=cortex-m4 -std=gnu11 -g3 -DDEBUG -DUSE_HAL_DRIVER -DSTM32F427xx -c -I../Core/Inc -I../Drivers/STM32F4xx_HAL_Driver/Inc -I../Drivers/STM32F4xx_HAL_Driver/Inc/Legacy -I../Drivers/CMSIS/Device/ST/STM32F4xx/Include -I../Drivers/CMSIS/Include -O0 -ffunction-sections -fdata-sections -Wall -fstack-usage -MMD -MP -MF"Core/Src/main.d" -MT"Core/Src/main.o" --specs=nano.specs -mfpu=fpv4-sp-d16 -mfloat-abi=hard -mthumb -o "Core/Src/main.o"
../Core/Src/main.c: In function 'main':
../Core/Src/main.c:93:8: error: expected identifier or '(' before '=' token
   93 |   int  = 0;
      |        ^
../Core/Src/main.c:101:4: error: 'a' undeclared (first use in this function)
  101 |    a += 1;
      |    ^
../Core/Src/main.c:101:4: note: each undeclared identifier is reported only once for each function it appears in
make: *** [Core/Src/subdir.mk:34: Core/Src/main.o] Error 1
"make -j8 all" terminated with exit code 2. Build might be incomplete.
12:55:12 **** Incremental Build of configuration Debug for project lab1 ****
make -j8 all 
arm-none-eabi-gcc "../Core/Src/main.c" -mcpu=cortex-m4 -std=gnu11 -g3 -DDEBUG -DUSE_HAL_DRIVER -DSTM32F427xx -c -I../Core/Inc -I../Drivers/STM32F4xx_HAL_Driver/Inc -I../Drivers/STM32F4xx_HAL_Driver/Inc/Legacy -I../Drivers/CMSIS/Device/ST/STM32F4xx/Include -I../Drivers/CMSIS/Include -O0 -ffunction-sections -fdata-sections -Wall -fstack-usage -MMD -MP -MF"Core/Src/main.d" -MT"Core/Src/main.o" --specs=nano.specs -mfpu=fpv4-sp-d16 -mfloat-abi=hard -mthumb -o "Core/Src/main.o"
arm-none-eabi-gcc -o "lab1.elf" @"objects.list"   -mcpu=cortex-m4 -T"C:\Users\diana\Desktop\itmo\computer-system-design\lab1\lab1\STM32F427VITX_FLASH.ld" --specs=nosys.specs -Wl,-Map="lab1.map" -Wl,--gc-sections -static --specs=nano.specs -mfpu=fpv4-sp-d16 -mfloat-abi=hard -mthumb -Wl,--start-group -lc -lm -Wl,--end-group
Finished building target: lab1.elf
 
arm-none-eabi-size   lab1.elf 
arm-none-eabi-objdump -h -S  lab1.elf  > "lab1.list"
   text	   data	    bss	    dec	    hex	filename
   6108	     20	   1572	   7700	   1e14	lab1.elf
Finished building: default.size.stdout
 
Finished building: lab1.list
 
12:55:29 **** Incremental Build of configuration Debug for project lab1 ****
make -j8 all 
arm-none-eabi-size   lab1.elf 
   text	   data	    bss	    dec	    hex	filename
   6108	     20	   1572	   7700	   1e14	lab1.elf
Finished building: default.size.stdout
 
12:56:53 **** Incremental Build of configuration Debug for project lab1 ****
make -j8 all 
arm-none-eabi-size   lab1.elf 
   text	   data	    bss	    dec	    hex	filename
   6108	     20	   1572	   7700	   1e14	lab1.elf
Finished building: default.size.stdout
 
13:06:06 **** Incremental Build of configuration Debug for project lab1 ****
make -j8 all 
arm-none-eabi-gcc "../Core/Src/drivers/read_driver.c" -mcpu=cortex-m4 -std=gnu11 -g3 -DDEBUG -DUSE_HAL_DRIVER -DSTM32F427xx -c -I../Core/Inc -I../Drivers/STM32F4xx_HAL_Driver/Inc -I../Drivers/STM32F4xx_HAL_Driver/Inc/Legacy -I../Drivers/CMSIS/Device/ST/STM32F4xx/Include -I../Drivers/CMSIS/Include -O0 -ffunction-sections -fdata-sections -Wall -fstack-usage -MMD -MP -MF"Core/Src/drivers/read_driver.d" -MT"Core/Src/drivers/read_driver.o" --specs=nano.specs -mfpu=fpv4-sp-d16 -mfloat-abi=hard -mthumb -o "Core/Src/drivers/read_driver.o"
arm-none-eabi-gcc "../Core/Src/drivers/write_driver.c" -mcpu=cortex-m4 -std=gnu11 -g3 -DDEBUG -DUSE_HAL_DRIVER -DSTM32F427xx -c -I../Core/Inc -I../Drivers/STM32F4xx_HAL_Driver/Inc -I../Drivers/STM32F4xx_HAL_Driver/Inc/Legacy -I../Drivers/CMSIS/Device/ST/STM32F4xx/Include -I../Drivers/CMSIS/Include -O0 -ffunction-sections -fdata-sections -Wall -fstack-usage -MMD -MP -MF"Core/Src/drivers/write_driver.d" -MT"Core/Src/drivers/write_driver.o" --specs=nano.specs -mfpu=fpv4-sp-d16 -mfloat-abi=hard -mthumb -o "Core/Src/drivers/write_driver.o"
arm-none-eabi-gcc "../Core/Src/main.c" -mcpu=cortex-m4 -std=gnu11 -g3 -DDEBUG -DUSE_HAL_DRIVER -DSTM32F427xx -c -I../Core/Inc -I../Drivers/STM32F4xx_HAL_Driver/Inc -I../Drivers/STM32F4xx_HAL_Driver/Inc/Legacy -I../Drivers/CMSIS/Device/ST/STM32F4xx/Include -I../Drivers/CMSIS/Include -O0 -ffunction-sections -fdata-sections -Wall -fstack-usage -MMD -MP -MF"Core/Src/main.d" -MT"Core/Src/main.o" --specs=nano.specs -mfpu=fpv4-sp-d16 -mfloat-abi=hard -mthumb -o "Core/Src/main.o"
../Core/Src/main.c:59:6: error: variable 'state' has initializer but incomplete type
   59 | enum LightState state = GREEN;
      |      ^~~~~~~~~~
../Core/Src/main.c:59:25: error: 'GREEN' undeclared here (not in a function)
   59 | enum LightState state = GREEN;
      |                         ^~~~~
../Core/Src/main.c:61:19: error: initializer element is not constant
   61 | int button_tick = HAL_GetTick();
      |                   ^~~~~~~~~~~
../Core/Src/main.c:63:39: error: parameter 1 ('current_state') has incomplete type
   63 | int get_time_of_color(enum LightState current_state) {
      |                       ~~~~~~~~~~~~~~~~^~~~~~~~~~~~~
../Core/Src/main.c: In function 'get_time_of_color':
../Core/Src/main.c:65:14: error: 'YELLOW_SHORT' undeclared (first use in this function)
   65 |         case YELLOW_SHORT:
      |              ^~~~~~~~~~~~
../Core/Src/main.c:65:14: note: each undeclared identifier is reported only once for each function it appears in
../Core/Src/main.c:66:14: error: 'YELLOW' undeclared (first use in this function)
   66 |         case YELLOW:
      |              ^~~~~~
../Core/Src/main.c:67:20: error: 'YELLOW_TIME' undeclared (first use in this function)
   67 |             return YELLOW_TIME;
      |                    ^~~~~~~~~~~
../Core/Src/main.c:69:14: error: 'GREEN_SHORT' undeclared (first use in this function)
   69 |         case GREEN_SHORT:
      |              ^~~~~~~~~~~
../Core/Src/main.c:70:20: error: 'GREEN_TIME' undeclared (first use in this function)
   70 |             return GREEN_TIME;
      |                    ^~~~~~~~~~
../Core/Src/main.c:71:14: error: 'GREEN_FLUSHING' undeclared (first use in this function)
   71 |         case GREEN_FLUSHING:
      |              ^~~~~~~~~~~~~~
../Core/Src/main.c:72:14: error: 'GREEN_FLUSHING_SHORT' undeclared (first use in this function)
   72 |         case GREEN_FLUSHING_SHORT:
      |              ^~~~~~~~~~~~~~~~~~~~
../Core/Src/main.c:73:20: error: 'GREEN_FLUSHING_TIME' undeclared (first use in this function)
   73 |             return GREEN_FLUSHING_TIME;
      |                    ^~~~~~~~~~~~~~~~~~~
../Core/Src/main.c:74:14: error: 'RED' undeclared (first use in this function)
   74 |         case RED:
      |              ^~~
../Core/Src/main.c:75:20: error: 'RED_TIME' undeclared (first use in this function)
   75 |             return RED_TIME;
      |                    ^~~~~~~~
../Core/Src/main.c:76:14: error: 'RED_SHORT' undeclared (first use in this function)
   76 |         case RED_SHORT:
      |              ^~~~~~~~~
../Core/Src/main.c: In function 'ready_to_switch':
../Core/Src/main.c:82:62: error: 'state' has an incomplete type 'enum LightState'
   82 |     return (HAL_GetTick() - button_tick) > get_time_of_color(state);
      |                                                              ^~~~~
../Core/Src/main.c: At top level:
../Core/Src/main.c:85:56: error: parameter 1 ('new_state') has incomplete type
   85 | void switch_to_button_with_timer_flush(enum LightState new_state) {
      |                                        ~~~~~~~~~~~~~~~~^~~~~~~~~
../Core/Src/main.c: In function 'switch_to_button_with_timer_flush':
../Core/Src/main.c:86:11: error: 'state' has an incomplete type 'enum LightState'
   86 |     state = new_state;
      |           ^
../Core/Src/main.c: At top level:
../Core/Src/main.c:90:39: error: parameter 1 ('new_state') has incomplete type
   90 | void switch_to_button(enum LightState new_state) {
      |                       ~~~~~~~~~~~~~~~~^~~~~~~~~
../Core/Src/main.c: In function 'switch_to_button':
../Core/Src/main.c:91:11: error: 'state' has an incomplete type 'enum LightState'
   91 |     state = new_state;
      |           ^
../Core/Src/main.c: In function 'main':
../Core/Src/main.c:140:29: warning: implicit declaration of function 'read_button' [-Wimplicit-function-declaration]
  140 |    GPIO_PinState pin_info = read_button();
      |                             ^~~~~~~~~~~
../Core/Src/main.c:145:3: warning: implicit declaration of function 'write_color' [-Wimplicit-function-declaration]
  145 |   write_color(GREEN_FLUSHING_STM32);
      |   ^~~~~~~~~~~
../Core/Src/main.c:145:15: error: 'GREEN_FLUSHING_STM32' undeclared (first use in this function)
  145 |   write_color(GREEN_FLUSHING_STM32);
      |               ^~~~~~~~~~~~~~~~~~~~
../Core/Src/main.c:147:11: error: 'state' has an incomplete type 'enum LightState'
  147 |   switch (state) {
      |           ^~~~~
../Core/Src/main.c:149:46: error: 'GREEN_SHORT' undeclared (first use in this function)
  149 |     if (read_button() == 1) switch_to_button(GREEN_SHORT);
      |                                              ^~~~~~~~~~~
../Core/Src/main.c:150:67: error: 'GREEN_FLUSHING_SHORT' undeclared (first use in this function)
  150 |     else if (ready_to_switch()) switch_to_button_with_timer_flush(GREEN_FLUSHING_SHORT);
      |                                                                   ^~~~~~~~~~~~~~~~~~~~
../Core/Src/drivers/read_driver.c: In function 'read_button':
../Core/Src/drivers/read_driver.c:5:6: error: unknown type name 'GPIO_PinState'
    5 |      GPIO_PinState pin_info = HAL_GPIO_ReadPin(GPIOC, GPIO_PIN_15);
      |      ^~~~~~~~~~~~~
../Core/Src/drivers/read_driver.c:5:31: warning: implicit declaration of function 'HAL_GPIO_ReadPin' [-Wimplicit-function-declaration]
    5 |      GPIO_PinState pin_info = HAL_GPIO_ReadPin(GPIOC, GPIO_PIN_15);
      |                               ^~~~~~~~~~~~~~~~
../Core/Src/drivers/read_driver.c:5:48: error: 'GPIOC' undeclared (first use in this function)
    5 |      GPIO_PinState pin_info = HAL_GPIO_ReadPin(GPIOC, GPIO_PIN_15);
      |                                                ^~~~~
../Core/Src/drivers/read_driver.c:5:48: note: each undeclared identifier is reported only once for each function it appears in
../Core/Src/drivers/read_driver.c:5:55: error: 'GPIO_PIN_15' undeclared (first use in this function)
    5 |      GPIO_PinState pin_info = HAL_GPIO_ReadPin(GPIOC, GPIO_PIN_15);
      |                                                       ^~~~~~~~~~~
../Core/Src/drivers/write_driver.c: In function 'write_color':
../Core/Src/drivers/write_driver.c:10:6: warning: implicit declaration of function 'HAL_GPIO_WritePin' [-Wimplicit-function-declaration]
   10 |      HAL_GPIO_WritePin(GPIOD, GPIO_PIN_13, GPIO_PIN_RESET);
      |      ^~~~~~~~~~~~~~~~~
../Core/Src/drivers/write_driver.c:10:24: error: 'GPIOD' undeclared (first use in this function)
   10 |      HAL_GPIO_WritePin(GPIOD, GPIO_PIN_13, GPIO_PIN_RESET);
      |                        ^~~~~
../Core/Src/drivers/write_driver.c:10:24: note: each undeclared identifier is reported only once for each function it appears in
../Core/Src/drivers/write_driver.c:10:31: error: 'GPIO_PIN_13' undeclared (first use in this function)
   10 |      HAL_GPIO_WritePin(GPIOD, GPIO_PIN_13, GPIO_PIN_RESET);
      |                               ^~~~~~~~~~~
../Core/Src/drivers/write_driver.c:10:44: error: 'GPIO_PIN_RESET' undeclared (first use in this function)
   10 |      HAL_GPIO_WritePin(GPIOD, GPIO_PIN_13, GPIO_PIN_RESET);
      |                                            ^~~~~~~~~~~~~~
../Core/Src/drivers/write_driver.c:11:31: error: 'GPIO_PIN_14' undeclared (first use in this function)
   11 |      HAL_GPIO_WritePin(GPIOD, GPIO_PIN_14, GPIO_PIN_RESET);
      |                               ^~~~~~~~~~~
../Core/Src/drivers/write_driver.c:12:31: error: 'GPIO_PIN_15' undeclared (first use in this function)
   12 |      HAL_GPIO_WritePin(GPIOD, GPIO_PIN_15, GPIO_PIN_RESET);
      |                               ^~~~~~~~~~~
../Core/Src/drivers/write_driver.c:17:48: error: 'GPIO_PIN_SET' undeclared (first use in this function)
   17 |          HAL_GPIO_WritePin(GPIOD, GPIO_PIN_14, GPIO_PIN_SET);
      |                                                ^~~~~~~~~~~~
../Core/Src/drivers/write_driver.c:28:18: warning: implicit declaration of function 'HAL_GetTick' [-Wimplicit-function-declaration]
   28 |             if ((HAL_GetTick() / 50) % 2 == 0) {
      |                  ^~~~~~~~~~~
make: *** [Core/Src/drivers/subdir.mk:22: Core/Src/drivers/read_driver.o] Error 1
make: *** Waiting for unfinished jobs....
../Core/Src/main.c:152:9: error: 'GREEN_FLUSHING' undeclared (first use in this function)
  152 |    case GREEN_FLUSHING:
      |         ^~~~~~~~~~~~~~
../Core/Src/main.c:154:67: error: 'RED' undeclared (first use in this function)
  154 |     else if (ready_to_switch()) switch_to_button_with_timer_flush(RED);
      |                                                                   ^~~
../Core/Src/main.c:157:46: error: 'RED_SHORT' undeclared (first use in this function)
  157 |     if (read_button() == 1) switch_to_button(RED_SHORT);
      |                                              ^~~~~~~~~
make: *** [Core/Src/drivers/subdir.mk:22: Core/Src/drivers/write_driver.o] Error 1
../Core/Src/main.c:158:67: error: 'YELLOW' undeclared (first use in this function)
  158 |     else if (ready_to_switch()) switch_to_button_with_timer_flush(YELLOW);
      |                                                                   ^~~~~~
../Core/Src/main.c:161:46: error: 'YELLOW_SHORT' undeclared (first use in this function)
  161 |     if (read_button() == 1) switch_to_button(YELLOW_SHORT);
      |                                              ^~~~~~~~~~~~
../Core/Src/main.c: At top level:
../Core/Src/main.c:59:17: error: storage size of 'state' isn't known
   59 | enum LightState state = GREEN;
      |                 ^~~~~
../Core/Src/main.c: In function 'get_time_of_color':
../Core/Src/main.c:79:1: warning: control reaches end of non-void function [-Wreturn-type]
   79 | }
      | ^
../Core/Src/main.c: In function 'ready_to_switch':
../Core/Src/main.c:83:1: warning: control reaches end of non-void function [-Wreturn-type]
   83 | }
      | ^
make: *** [Core/Src/subdir.mk:34: Core/Src/main.o] Error 1
"make -j8 all" terminated with exit code 2. Build might be incomplete.
13:06:56 **** Incremental Build of configuration Debug for project lab1 ****
make -j8 all 
arm-none-eabi-gcc "../Core/Src/drivers/read_driver.c" -mcpu=cortex-m4 -std=gnu11 -g3 -DDEBUG -DUSE_HAL_DRIVER -DSTM32F427xx -c -I../Core/Inc -I../Drivers/STM32F4xx_HAL_Driver/Inc -I../Drivers/STM32F4xx_HAL_Driver/Inc/Legacy -I../Drivers/CMSIS/Device/ST/STM32F4xx/Include -I../Drivers/CMSIS/Include -O0 -ffunction-sections -fdata-sections -Wall -fstack-usage -MMD -MP -MF"Core/Src/drivers/read_driver.d" -MT"Core/Src/drivers/read_driver.o" --specs=nano.specs -mfpu=fpv4-sp-d16 -mfloat-abi=hard -mthumb -o "Core/Src/drivers/read_driver.o"
arm-none-eabi-gcc "../Core/Src/drivers/write_driver.c" -mcpu=cortex-m4 -std=gnu11 -g3 -DDEBUG -DUSE_HAL_DRIVER -DSTM32F427xx -c -I../Core/Inc -I../Drivers/STM32F4xx_HAL_Driver/Inc -I../Drivers/STM32F4xx_HAL_Driver/Inc/Legacy -I../Drivers/CMSIS/Device/ST/STM32F4xx/Include -I../Drivers/CMSIS/Include -O0 -ffunction-sections -fdata-sections -Wall -fstack-usage -MMD -MP -MF"Core/Src/drivers/write_driver.d" -MT"Core/Src/drivers/write_driver.o" --specs=nano.specs -mfpu=fpv4-sp-d16 -mfloat-abi=hard -mthumb -o "Core/Src/drivers/write_driver.o"
arm-none-eabi-gcc "../Core/Src/main.c" -mcpu=cortex-m4 -std=gnu11 -g3 -DDEBUG -DUSE_HAL_DRIVER -DSTM32F427xx -c -I../Core/Inc -I../Drivers/STM32F4xx_HAL_Driver/Inc -I../Drivers/STM32F4xx_HAL_Driver/Inc/Legacy -I../Drivers/CMSIS/Device/ST/STM32F4xx/Include -I../Drivers/CMSIS/Include -O0 -ffunction-sections -fdata-sections -Wall -fstack-usage -MMD -MP -MF"Core/Src/main.d" -MT"Core/Src/main.o" --specs=nano.specs -mfpu=fpv4-sp-d16 -mfloat-abi=hard -mthumb -o "Core/Src/main.o"
../Core/Src/drivers/read_driver.c: In function 'read_button':
../Core/Src/drivers/read_driver.c:5:6: error: unknown type name 'GPIO_PinState'
    5 |      GPIO_PinState pin_info = HAL_GPIO_ReadPin(GPIOC, GPIO_PIN_15);
      |      ^~~~~~~~~~~~~
../Core/Src/drivers/read_driver.c:5:31: warning: implicit declaration of function 'HAL_GPIO_ReadPin' [-Wimplicit-function-declaration]
    5 |      GPIO_PinState pin_info = HAL_GPIO_ReadPin(GPIOC, GPIO_PIN_15);
      |                               ^~~~~~~~~~~~~~~~
../Core/Src/drivers/read_driver.c:5:48: error: 'GPIOC' undeclared (first use in this function)
    5 |      GPIO_PinState pin_info = HAL_GPIO_ReadPin(GPIOC, GPIO_PIN_15);
      |                                                ^~~~~
../Core/Src/drivers/read_driver.c:5:48: note: each undeclared identifier is reported only once for each function it appears in
../Core/Src/drivers/read_driver.c:5:55: error: 'GPIO_PIN_15' undeclared (first use in this function)
    5 |      GPIO_PinState pin_info = HAL_GPIO_ReadPin(GPIOC, GPIO_PIN_15);
      |                                                       ^~~~~~~~~~~
make: *** [Core/Src/drivers/subdir.mk:22: Core/Src/drivers/read_driver.o] Error 1
make: *** Waiting for unfinished jobs....
../Core/Src/drivers/write_driver.c: In function 'write_color':
../Core/Src/drivers/write_driver.c:10:6: warning: implicit declaration of function 'HAL_GPIO_WritePin' [-Wimplicit-function-declaration]
   10 |      HAL_GPIO_WritePin(GPIOD, GPIO_PIN_13, GPIO_PIN_RESET);
      |      ^~~~~~~~~~~~~~~~~
../Core/Src/drivers/write_driver.c:10:24: error: 'GPIOD' undeclared (first use in this function)
   10 |      HAL_GPIO_WritePin(GPIOD, GPIO_PIN_13, GPIO_PIN_RESET);
      |                        ^~~~~
../Core/Src/drivers/write_driver.c:10:24: note: each undeclared identifier is reported only once for each function it appears in
../Core/Src/drivers/write_driver.c:10:31: error: 'GPIO_PIN_13' undeclared (first use in this function)
   10 |      HAL_GPIO_WritePin(GPIOD, GPIO_PIN_13, GPIO_PIN_RESET);
      |                               ^~~~~~~~~~~
../Core/Src/drivers/write_driver.c:10:44: error: 'GPIO_PIN_RESET' undeclared (first use in this function)
   10 |      HAL_GPIO_WritePin(GPIOD, GPIO_PIN_13, GPIO_PIN_RESET);
      |                                            ^~~~~~~~~~~~~~
../Core/Src/drivers/write_driver.c:11:31: error: 'GPIO_PIN_14' undeclared (first use in this function)
   11 |      HAL_GPIO_WritePin(GPIOD, GPIO_PIN_14, GPIO_PIN_RESET);
      |                               ^~~~~~~~~~~
../Core/Src/drivers/write_driver.c:12:31: error: 'GPIO_PIN_15' undeclared (first use in this function)
   12 |      HAL_GPIO_WritePin(GPIOD, GPIO_PIN_15, GPIO_PIN_RESET);
      |                               ^~~~~~~~~~~
../Core/Src/drivers/write_driver.c:17:48: error: 'GPIO_PIN_SET' undeclared (first use in this function)
   17 |          HAL_GPIO_WritePin(GPIOD, GPIO_PIN_14, GPIO_PIN_SET);
      |                                                ^~~~~~~~~~~~
../Core/Src/drivers/write_driver.c:28:18: warning: implicit declaration of function 'HAL_GetTick' [-Wimplicit-function-declaration]
   28 |             if ((HAL_GetTick() / 50) % 2 == 0) {
      |                  ^~~~~~~~~~~
make: *** [Core/Src/drivers/subdir.mk:22: Core/Src/drivers/write_driver.o] Error 1
../Core/Src/main.c:67:19: error: initializer element is not constant
   67 | int button_tick = HAL_GetTick();
      |                   ^~~~~~~~~~~
../Core/Src/main.c: In function 'get_time_of_color':
../Core/Src/main.c:85:1: warning: control reaches end of non-void function [-Wreturn-type]
   85 | }
      | ^
make: *** [Core/Src/subdir.mk:34: Core/Src/main.o] Error 1
"make -j8 all" terminated with exit code 2. Build might be incomplete.
13:08:36 **** Incremental Build of configuration Debug for project lab1 ****
make -j8 all 
arm-none-eabi-gcc "../Core/Src/drivers/read_driver.c" -mcpu=cortex-m4 -std=gnu11 -g3 -DDEBUG -DUSE_HAL_DRIVER -DSTM32F427xx -c -I../Core/Inc -I../Drivers/STM32F4xx_HAL_Driver/Inc -I../Drivers/STM32F4xx_HAL_Driver/Inc/Legacy -I../Drivers/CMSIS/Device/ST/STM32F4xx/Include -I../Drivers/CMSIS/Include -O0 -ffunction-sections -fdata-sections -Wall -fstack-usage -MMD -MP -MF"Core/Src/drivers/read_driver.d" -MT"Core/Src/drivers/read_driver.o" --specs=nano.specs -mfpu=fpv4-sp-d16 -mfloat-abi=hard -mthumb -o "Core/Src/drivers/read_driver.o"
arm-none-eabi-gcc "../Core/Src/drivers/write_driver.c" -mcpu=cortex-m4 -std=gnu11 -g3 -DDEBUG -DUSE_HAL_DRIVER -DSTM32F427xx -c -I../Core/Inc -I../Drivers/STM32F4xx_HAL_Driver/Inc -I../Drivers/STM32F4xx_HAL_Driver/Inc/Legacy -I../Drivers/CMSIS/Device/ST/STM32F4xx/Include -I../Drivers/CMSIS/Include -O0 -ffunction-sections -fdata-sections -Wall -fstack-usage -MMD -MP -MF"Core/Src/drivers/write_driver.d" -MT"Core/Src/drivers/write_driver.o" --specs=nano.specs -mfpu=fpv4-sp-d16 -mfloat-abi=hard -mthumb -o "Core/Src/drivers/write_driver.o"
arm-none-eabi-gcc "../Core/Src/main.c" -mcpu=cortex-m4 -std=gnu11 -g3 -DDEBUG -DUSE_HAL_DRIVER -DSTM32F427xx -c -I../Core/Inc -I../Drivers/STM32F4xx_HAL_Driver/Inc -I../Drivers/STM32F4xx_HAL_Driver/Inc/Legacy -I../Drivers/CMSIS/Device/ST/STM32F4xx/Include -I../Drivers/CMSIS/Include -O0 -ffunction-sections -fdata-sections -Wall -fstack-usage -MMD -MP -MF"Core/Src/main.d" -MT"Core/Src/main.o" --specs=nano.specs -mfpu=fpv4-sp-d16 -mfloat-abi=hard -mthumb -o "Core/Src/main.o"
../Core/Src/drivers/read_driver.c: In function 'read_button':
../Core/Src/drivers/read_driver.c:5:6: error: unknown type name 'GPIO_PinState'
    5 |      GPIO_PinState pin_info = HAL_GPIO_ReadPin(GPIOC, GPIO_PIN_15);
      |      ^~~~~~~~~~~~~
../Core/Src/drivers/read_driver.c:5:31: warning: implicit declaration of function 'HAL_GPIO_ReadPin' [-Wimplicit-function-declaration]
    5 |      GPIO_PinState pin_info = HAL_GPIO_ReadPin(GPIOC, GPIO_PIN_15);
      |                               ^~~~~~~~~~~~~~~~
../Core/Src/drivers/read_driver.c:5:48: error: 'GPIOC' undeclared (first use in this function)
    5 |      GPIO_PinState pin_info = HAL_GPIO_ReadPin(GPIOC, GPIO_PIN_15);
      |                                                ^~~~~
../Core/Src/drivers/read_driver.c:5:48: note: each undeclared identifier is reported only once for each function it appears in
../Core/Src/drivers/read_driver.c:5:55: error: 'GPIO_PIN_15' undeclared (first use in this function)
    5 |      GPIO_PinState pin_info = HAL_GPIO_ReadPin(GPIOC, GPIO_PIN_15);
      |                                                       ^~~~~~~~~~~
make: *** [Core/Src/drivers/subdir.mk:22: Core/Src/drivers/read_driver.o] Error 1
make: *** Waiting for unfinished jobs....
../Core/Src/main.c:67:19: error: initializer element is not constant
   67 | int button_tick = HAL_GetTick();
      |                   ^~~~~~~~~~~
../Core/Src/main.c: In function 'get_time_of_color':
../Core/Src/main.c:85:1: warning: control reaches end of non-void function [-Wreturn-type]
   85 | }
      | ^
make: *** [Core/Src/subdir.mk:34: Core/Src/main.o] Error 1
"make -j8 all" terminated with exit code 2. Build might be incomplete.
13:10:41 **** Incremental Build of configuration Debug for project lab1 ****
make -j8 all 
arm-none-eabi-gcc "../Core/Src/drivers/read_driver.c" -mcpu=cortex-m4 -std=gnu11 -g3 -DDEBUG -DUSE_HAL_DRIVER -DSTM32F427xx -c -I../Core/Inc -I../Drivers/STM32F4xx_HAL_Driver/Inc -I../Drivers/STM32F4xx_HAL_Driver/Inc/Legacy -I../Drivers/CMSIS/Device/ST/STM32F4xx/Include -I../Drivers/CMSIS/Include -O0 -ffunction-sections -fdata-sections -Wall -fstack-usage -MMD -MP -MF"Core/Src/drivers/read_driver.d" -MT"Core/Src/drivers/read_driver.o" --specs=nano.specs -mfpu=fpv4-sp-d16 -mfloat-abi=hard -mthumb -o "Core/Src/drivers/read_driver.o"
arm-none-eabi-gcc "../Core/Src/main.c" -mcpu=cortex-m4 -std=gnu11 -g3 -DDEBUG -DUSE_HAL_DRIVER -DSTM32F427xx -c -I../Core/Inc -I../Drivers/STM32F4xx_HAL_Driver/Inc -I../Drivers/STM32F4xx_HAL_Driver/Inc/Legacy -I../Drivers/CMSIS/Device/ST/STM32F4xx/Include -I../Drivers/CMSIS/Include -O0 -ffunction-sections -fdata-sections -Wall -fstack-usage -MMD -MP -MF"Core/Src/main.d" -MT"Core/Src/main.o" --specs=nano.specs -mfpu=fpv4-sp-d16 -mfloat-abi=hard -mthumb -o "Core/Src/main.o"
../Core/Src/main.c:67:19: error: initializer element is not constant
   67 | int button_tick = HAL_GetTick();
      |                   ^~~~~~~~~~~
../Core/Src/main.c: In function 'get_time_of_color':
../Core/Src/main.c:85:1: warning: control reaches end of non-void function [-Wreturn-type]
   85 | }
      | ^
make: *** [Core/Src/subdir.mk:34: Core/Src/main.o] Error 1
make: *** Waiting for unfinished jobs....
"make -j8 all" terminated with exit code 2. Build might be incomplete.
13:11:12 **** Incremental Build of configuration Debug for project lab1 ****
make -j8 all 
arm-none-eabi-gcc "../Core/Src/main.c" -mcpu=cortex-m4 -std=gnu11 -g3 -DDEBUG -DUSE_HAL_DRIVER -DSTM32F427xx -c -I../Core/Inc -I../Drivers/STM32F4xx_HAL_Driver/Inc -I../Drivers/STM32F4xx_HAL_Driver/Inc/Legacy -I../Drivers/CMSIS/Device/ST/STM32F4xx/Include -I../Drivers/CMSIS/Include -O0 -ffunction-sections -fdata-sections -Wall -fstack-usage -MMD -MP -MF"Core/Src/main.d" -MT"Core/Src/main.o" --specs=nano.specs -mfpu=fpv4-sp-d16 -mfloat-abi=hard -mthumb -o "Core/Src/main.o"
../Core/Src/main.c: In function 'get_time_of_color':
../Core/Src/main.c:85:1: warning: control reaches end of non-void function [-Wreturn-type]
   85 | }
      | ^
arm-none-eabi-gcc -o "lab1.elf" @"objects.list"   -mcpu=cortex-m4 -T"C:\Users\diana\Desktop\itmo\computer-system-design\lab1\lab1\STM32F427VITX_FLASH.ld" --specs=nosys.specs -Wl,-Map="lab1.map" -Wl,--gc-sections -static --specs=nano.specs -mfpu=fpv4-sp-d16 -mfloat-abi=hard -mthumb -Wl,--start-group -lc -lm -Wl,--end-group
Finished building target: lab1.elf
 
arm-none-eabi-size   lab1.elf 
arm-none-eabi-objdump -h -S  lab1.elf  > "lab1.list"
   text	   data	    bss	    dec	    hex	filename
   6720	     20	   1580	   8320	   2080	lab1.elf
Finished building: default.size.stdout
 
Finished building: lab1.list
 
13:11:18 **** Incremental Build of configuration Debug for project lab1 ****
make -j8 all 
arm-none-eabi-size   lab1.elf 
   text	   data	    bss	    dec	    hex	filename
   6720	     20	   1580	   8320	   2080	lab1.elf
Finished building: default.size.stdout
 
13:12:39 **** Incremental Build of configuration Debug for project lab1 ****
make -j8 all 
arm-none-eabi-gcc "../Core/Src/main.c" -mcpu=cortex-m4 -std=gnu11 -g3 -DDEBUG -DUSE_HAL_DRIVER -DSTM32F427xx -c -I../Core/Inc -I../Drivers/STM32F4xx_HAL_Driver/Inc -I../Drivers/STM32F4xx_HAL_Driver/Inc/Legacy -I../Drivers/CMSIS/Device/ST/STM32F4xx/Include -I../Drivers/CMSIS/Include -O0 -ffunction-sections -fdata-sections -Wall -fstack-usage -MMD -MP -MF"Core/Src/main.d" -MT"Core/Src/main.o" --specs=nano.specs -mfpu=fpv4-sp-d16 -mfloat-abi=hard -mthumb -o "Core/Src/main.o"
../Core/Src/main.c: In function 'main':
../Core/Src/main.c:147:4: warning: implicit declaration of function 'printf' [-Wimplicit-function-declaration]
  147 |    printf("Hello!")
      |    ^~~~~~
../Core/Src/main.c:147:4: warning: incompatible implicit declaration of built-in function 'printf'
../Core/Src/main.c:27:1: note: include '<stdio.h>' or provide a declaration of 'printf'
   26 | #include "main.h"
  +++ |+#include <stdio.h>
   27 | 
../Core/Src/main.c:147:20: error: expected ';' before 'if'
  147 |    printf("Hello!")
      |                    ^
      |                    ;
  148 | 
  149 |  if (pin_info == GPIO_PIN_RESET && flag_key_press) {
      |  ~~                 
../Core/Src/main.c:146:18: warning: unused variable 'pin_info' [-Wunused-variable]
  146 |    GPIO_PinState pin_info = read_button();
      |                  ^~~~~~~~
../Core/Src/main.c:137:12: warning: unused variable 'time_key_press' [-Wunused-variable]
  137 |   uint32_t time_key_press = 0;
      |            ^~~~~~~~~~~~~~
../Core/Src/main.c:136:11: warning: unused variable 'flag_key_press' [-Wunused-variable]
  136 |   uint8_t flag_key_press = 1;
      |           ^~~~~~~~~~~~~~
../Core/Src/main.c: In function 'get_time_of_color':
../Core/Src/main.c:85:1: warning: control reaches end of non-void function [-Wreturn-type]
   85 | }
      | ^
make: *** [Core/Src/subdir.mk:34: Core/Src/main.o] Error 1
"make -j8 all" terminated with exit code 2. Build might be incomplete.
13:12:52 **** Incremental Build of configuration Debug for project lab1 ****
make -j8 all 
arm-none-eabi-gcc "../Core/Src/main.c" -mcpu=cortex-m4 -std=gnu11 -g3 -DDEBUG -DUSE_HAL_DRIVER -DSTM32F427xx -c -I../Core/Inc -I../Drivers/STM32F4xx_HAL_Driver/Inc -I../Drivers/STM32F4xx_HAL_Driver/Inc/Legacy -I../Drivers/CMSIS/Device/ST/STM32F4xx/Include -I../Drivers/CMSIS/Include -O0 -ffunction-sections -fdata-sections -Wall -fstack-usage -MMD -MP -MF"Core/Src/main.d" -MT"Core/Src/main.o" --specs=nano.specs -mfpu=fpv4-sp-d16 -mfloat-abi=hard -mthumb -o "Core/Src/main.o"
../Core/Src/main.c: In function 'main':
../Core/Src/main.c:148:20: error: expected ';' before 'if'
  148 |    printf("Hello!")
      |                    ^
      |                    ;
  149 | 
  150 |  if (pin_info == GPIO_PIN_RESET && flag_key_press) {
      |  ~~                 
../Core/Src/main.c:147:18: warning: unused variable 'pin_info' [-Wunused-variable]
  147 |    GPIO_PinState pin_info = read_button();
      |                  ^~~~~~~~
../Core/Src/main.c:138:12: warning: unused variable 'time_key_press' [-Wunused-variable]
  138 |   uint32_t time_key_press = 0;
      |            ^~~~~~~~~~~~~~
../Core/Src/main.c:137:11: warning: unused variable 'flag_key_press' [-Wunused-variable]
  137 |   uint8_t flag_key_press = 1;
      |           ^~~~~~~~~~~~~~
../Core/Src/main.c: In function 'get_time_of_color':
../Core/Src/main.c:86:1: warning: control reaches end of non-void function [-Wreturn-type]
   86 | }
      | ^
make: *** [Core/Src/subdir.mk:34: Core/Src/main.o] Error 1
"make -j8 all" terminated with exit code 2. Build might be incomplete.
13:13:05 **** Incremental Build of configuration Debug for project lab1 ****
make -j8 all 
arm-none-eabi-gcc "../Core/Src/main.c" -mcpu=cortex-m4 -std=gnu11 -g3 -DDEBUG -DUSE_HAL_DRIVER -DSTM32F427xx -c -I../Core/Inc -I../Drivers/STM32F4xx_HAL_Driver/Inc -I../Drivers/STM32F4xx_HAL_Driver/Inc/Legacy -I../Drivers/CMSIS/Device/ST/STM32F4xx/Include -I../Drivers/CMSIS/Include -O0 -ffunction-sections -fdata-sections -Wall -fstack-usage -MMD -MP -MF"Core/Src/main.d" -MT"Core/Src/main.o" --specs=nano.specs -mfpu=fpv4-sp-d16 -mfloat-abi=hard -mthumb -o "Core/Src/main.o"
../Core/Src/main.c: In function 'get_time_of_color':
../Core/Src/main.c:86:1: warning: control reaches end of non-void function [-Wreturn-type]
   86 | }
      | ^
arm-none-eabi-gcc -o "lab1.elf" @"objects.list"   -mcpu=cortex-m4 -T"C:\Users\diana\Desktop\itmo\computer-system-design\lab1\lab1\STM32F427VITX_FLASH.ld" --specs=nosys.specs -Wl,-Map="lab1.map" -Wl,--gc-sections -static --specs=nano.specs -mfpu=fpv4-sp-d16 -mfloat-abi=hard -mthumb -Wl,--start-group -lc -lm -Wl,--end-group
Finished building target: lab1.elf
 
arm-none-eabi-size   lab1.elf 
arm-none-eabi-objdump -h -S  lab1.elf  > "lab1.list"
   text	   data	    bss	    dec	    hex	filename
  11260	    120	   1600	  12980	   32b4	lab1.elf
Finished building: default.size.stdout
 
Finished building: lab1.list
 
13:13:09 **** Incremental Build of configuration Debug for project lab1 ****
make -j8 all 
arm-none-eabi-size   lab1.elf 
   text	   data	    bss	    dec	    hex	filename
  11260	    120	   1600	  12980	   32b4	lab1.elf
Finished building: default.size.stdout
 
13:14:46 **** Incremental Build of configuration Debug for project lab1 ****
make -j8 all 
arm-none-eabi-gcc "../Core/Src/main.c" -mcpu=cortex-m4 -std=gnu11 -g3 -DDEBUG -DUSE_HAL_DRIVER -DSTM32F427xx -c -I../Core/Inc -I../Drivers/STM32F4xx_HAL_Driver/Inc -I../Drivers/STM32F4xx_HAL_Driver/Inc/Legacy -I../Drivers/CMSIS/Device/ST/STM32F4xx/Include -I../Drivers/CMSIS/Include -O0 -ffunction-sections -fdata-sections -Wall -fstack-usage -MMD -MP -MF"Core/Src/main.d" -MT"Core/Src/main.o" --specs=nano.specs -mfpu=fpv4-sp-d16 -mfloat-abi=hard -mthumb -o "Core/Src/main.o"
../Core/Src/main.c: In function 'get_time_of_color':
../Core/Src/main.c:86:1: warning: control reaches end of non-void function [-Wreturn-type]
   86 | }
      | ^
arm-none-eabi-gcc -o "lab1.elf" @"objects.list"   -mcpu=cortex-m4 -T"C:\Users\diana\Desktop\itmo\computer-system-design\lab1\lab1\STM32F427VITX_FLASH.ld" --specs=nosys.specs -Wl,-Map="lab1.map" -Wl,--gc-sections -static --specs=nano.specs -mfpu=fpv4-sp-d16 -mfloat-abi=hard -mthumb -Wl,--start-group -lc -lm -Wl,--end-group
Finished building target: lab1.elf
 
arm-none-eabi-size   lab1.elf 
arm-none-eabi-objdump -h -S  lab1.elf  > "lab1.list"
   text	   data	    bss	    dec	    hex	filename
   6080	     20	   1580	   7680	   1e00	lab1.elf
Finished building: default.size.stdout
 
Finished building: lab1.list
 
13:14:50 **** Incremental Build of configuration Debug for project lab1 ****
make -j8 all 
arm-none-eabi-size   lab1.elf 
   text	   data	    bss	    dec	    hex	filename
   6080	     20	   1580	   7680	   1e00	lab1.elf
Finished building: default.size.stdout
 
13:19:52 **** Incremental Build of configuration Debug for project lab1 ****
make -j8 all 
arm-none-eabi-gcc "../Core/Src/drivers/read_driver.c" -mcpu=cortex-m4 -std=gnu11 -g3 -DDEBUG -DUSE_HAL_DRIVER -DSTM32F427xx -c -I../Core/Inc -I../Drivers/STM32F4xx_HAL_Driver/Inc -I../Drivers/STM32F4xx_HAL_Driver/Inc/Legacy -I../Drivers/CMSIS/Device/ST/STM32F4xx/Include -I../Drivers/CMSIS/Include -O0 -ffunction-sections -fdata-sections -Wall -fstack-usage -MMD -MP -MF"Core/Src/drivers/read_driver.d" -MT"Core/Src/drivers/read_driver.o" --specs=nano.specs -mfpu=fpv4-sp-d16 -mfloat-abi=hard -mthumb -o "Core/Src/drivers/read_driver.o"
arm-none-eabi-gcc "../Core/Src/drivers/write_driver.c" -mcpu=cortex-m4 -std=gnu11 -g3 -DDEBUG -DUSE_HAL_DRIVER -DSTM32F427xx -c -I../Core/Inc -I../Drivers/STM32F4xx_HAL_Driver/Inc -I../Drivers/STM32F4xx_HAL_Driver/Inc/Legacy -I../Drivers/CMSIS/Device/ST/STM32F4xx/Include -I../Drivers/CMSIS/Include -O0 -ffunction-sections -fdata-sections -Wall -fstack-usage -MMD -MP -MF"Core/Src/drivers/write_driver.d" -MT"Core/Src/drivers/write_driver.o" --specs=nano.specs -mfpu=fpv4-sp-d16 -mfloat-abi=hard -mthumb -o "Core/Src/drivers/write_driver.o"
arm-none-eabi-gcc "../Core/Src/main.c" -mcpu=cortex-m4 -std=gnu11 -g3 -DDEBUG -DUSE_HAL_DRIVER -DSTM32F427xx -c -I../Core/Inc -I../Drivers/STM32F4xx_HAL_Driver/Inc -I../Drivers/STM32F4xx_HAL_Driver/Inc/Legacy -I../Drivers/CMSIS/Device/ST/STM32F4xx/Include -I../Drivers/CMSIS/Include -O0 -ffunction-sections -fdata-sections -Wall -fstack-usage -MMD -MP -MF"Core/Src/main.d" -MT"Core/Src/main.o" --specs=nano.specs -mfpu=fpv4-sp-d16 -mfloat-abi=hard -mthumb -o "Core/Src/main.o"
../Core/Src/drivers/read_driver.c: In function 'read_button':
../Core/Src/drivers/read_driver.c:7:6: error: unknown type name 'GPIO_PinState'
    7 |      GPIO_PinState pin_info = HAL_GPIO_ReadPin(GPIOC, GPIO_PIN_15);
      |      ^~~~~~~~~~~~~
../Core/Src/drivers/read_driver.c:7:31: warning: implicit declaration of function 'HAL_GPIO_ReadPin' [-Wimplicit-function-declaration]
    7 |      GPIO_PinState pin_info = HAL_GPIO_ReadPin(GPIOC, GPIO_PIN_15);
      |                               ^~~~~~~~~~~~~~~~
../Core/Src/drivers/read_driver.c:7:48: error: 'GPIOC' undeclared (first use in this function)
    7 |      GPIO_PinState pin_info = HAL_GPIO_ReadPin(GPIOC, GPIO_PIN_15);
      |                                                ^~~~~
../Core/Src/drivers/read_driver.c:7:48: note: each undeclared identifier is reported only once for each function it appears in
../Core/Src/drivers/read_driver.c:7:55: error: 'GPIO_PIN_15' undeclared (first use in this function)
    7 |      GPIO_PinState pin_info = HAL_GPIO_ReadPin(GPIOC, GPIO_PIN_15);
      |                                                       ^~~~~~~~~~~
make: *** [Core/Src/drivers/subdir.mk:22: Core/Src/drivers/read_driver.o] Error 1
make: *** Waiting for unfinished jobs....
../Core/Src/main.c: In function 'get_time_of_color':
../Core/Src/main.c:86:1: warning: control reaches end of non-void function [-Wreturn-type]
   86 | }
      | ^
../Core/Src/drivers/write_driver.c: In function 'write_color':
../Core/Src/drivers/write_driver.c:23:10: warning: implicit declaration of function 'AL_GPIO_WritePin'; did you mean 'HAL_GPIO_WritePin'? [-Wimplicit-function-declaration]
   23 |          AL_GPIO_WritePin(GPIOD, GPIO_PIN_15, GPIO_PIN_SET);
      |          ^~~~~~~~~~~~~~~~
      |          HAL_GPIO_WritePin
"make -j8 all" terminated with exit code 2. Build might be incomplete.
13:20:15 **** Incremental Build of configuration Debug for project lab1 ****
make -j8 all 
arm-none-eabi-gcc "../Core/Src/drivers/read_driver.c" -mcpu=cortex-m4 -std=gnu11 -g3 -DDEBUG -DUSE_HAL_DRIVER -DSTM32F427xx -c -I../Core/Inc -I../Drivers/STM32F4xx_HAL_Driver/Inc -I../Drivers/STM32F4xx_HAL_Driver/Inc/Legacy -I../Drivers/CMSIS/Device/ST/STM32F4xx/Include -I../Drivers/CMSIS/Include -O0 -ffunction-sections -fdata-sections -Wall -fstack-usage -MMD -MP -MF"Core/Src/drivers/read_driver.d" -MT"Core/Src/drivers/read_driver.o" --specs=nano.specs -mfpu=fpv4-sp-d16 -mfloat-abi=hard -mthumb -o "Core/Src/drivers/read_driver.o"
arm-none-eabi-gcc "../Core/Src/main.c" -mcpu=cortex-m4 -std=gnu11 -g3 -DDEBUG -DUSE_HAL_DRIVER -DSTM32F427xx -c -I../Core/Inc -I../Drivers/STM32F4xx_HAL_Driver/Inc -I../Drivers/STM32F4xx_HAL_Driver/Inc/Legacy -I../Drivers/CMSIS/Device/ST/STM32F4xx/Include -I../Drivers/CMSIS/Include -O0 -ffunction-sections -fdata-sections -Wall -fstack-usage -MMD -MP -MF"Core/Src/main.d" -MT"Core/Src/main.o" --specs=nano.specs -mfpu=fpv4-sp-d16 -mfloat-abi=hard -mthumb -o "Core/Src/main.o"
../Core/Src/main.c: In function 'get_time_of_color':
../Core/Src/main.c:86:1: warning: control reaches end of non-void function [-Wreturn-type]
   86 | }
      | ^
arm-none-eabi-gcc -o "lab1.elf" @"objects.list"   -mcpu=cortex-m4 -T"C:\Users\diana\Desktop\itmo\computer-system-design\lab1\lab1\STM32F427VITX_FLASH.ld" --specs=nosys.specs -Wl,-Map="lab1.map" -Wl,--gc-sections -static --specs=nano.specs -mfpu=fpv4-sp-d16 -mfloat-abi=hard -mthumb -Wl,--start-group -lc -lm -Wl,--end-group
c:\st\stm32cubeide_1.9.0\stm32cubeide\plugins\com.st.stm32cube.ide.mcu.externaltools.gnu-tools-for-stm32.10.3-2021.10.win32_1.0.0.202111181127\tools\arm-none-eabi\bin\ld.exe: ./Core/Src/drivers/write_driver.o: in function `write_color':
C:/Users/diana/Desktop/itmo/computer-system-design/lab1/lab1/Debug/../Core/Src/drivers/write_driver.c:23: undefined reference to `AL_GPIO_WritePin'
collect2.exe: error: ld returned 1 exit status
make: *** [makefile:65: lab1.elf] Error 1
"make -j8 all" terminated with exit code 2. Build might be incomplete.
13:20:39 **** Incremental Build of configuration Debug for project lab1 ****
make -j8 all 
arm-none-eabi-gcc "../Core/Src/drivers/write_driver.c" -mcpu=cortex-m4 -std=gnu11 -g3 -DDEBUG -DUSE_HAL_DRIVER -DSTM32F427xx -c -I../Core/Inc -I../Drivers/STM32F4xx_HAL_Driver/Inc -I../Drivers/STM32F4xx_HAL_Driver/Inc/Legacy -I../Drivers/CMSIS/Device/ST/STM32F4xx/Include -I../Drivers/CMSIS/Include -O0 -ffunction-sections -fdata-sections -Wall -fstack-usage -MMD -MP -MF"Core/Src/drivers/write_driver.d" -MT"Core/Src/drivers/write_driver.o" --specs=nano.specs -mfpu=fpv4-sp-d16 -mfloat-abi=hard -mthumb -o "Core/Src/drivers/write_driver.o"
arm-none-eabi-gcc -o "lab1.elf" @"objects.list"   -mcpu=cortex-m4 -T"C:\Users\diana\Desktop\itmo\computer-system-design\lab1\lab1\STM32F427VITX_FLASH.ld" --specs=nosys.specs -Wl,-Map="lab1.map" -Wl,--gc-sections -static --specs=nano.specs -mfpu=fpv4-sp-d16 -mfloat-abi=hard -mthumb -Wl,--start-group -lc -lm -Wl,--end-group
Finished building target: lab1.elf
 
arm-none-eabi-size   lab1.elf 
arm-none-eabi-objdump -h -S  lab1.elf  > "lab1.list"
   text	   data	    bss	    dec	    hex	filename
   6212	     20	   1580	   7812	   1e84	lab1.elf
Finished building: default.size.stdout
 
Finished building: lab1.list
 
13:20:45 **** Incremental Build of configuration Debug for project lab1 ****
make -j8 all 
arm-none-eabi-size   lab1.elf 
   text	   data	    bss	    dec	    hex	filename
   6212	     20	   1580	   7812	   1e84	lab1.elf
Finished building: default.size.stdout
 
13:22:12 **** Incremental Build of configuration Debug for project lab1 ****
make -j8 all 
arm-none-eabi-gcc "../Core/Src/drivers/write_driver.c" -mcpu=cortex-m4 -std=gnu11 -g3 -DDEBUG -DUSE_HAL_DRIVER -DSTM32F427xx -c -I../Core/Inc -I../Drivers/STM32F4xx_HAL_Driver/Inc -I../Drivers/STM32F4xx_HAL_Driver/Inc/Legacy -I../Drivers/CMSIS/Device/ST/STM32F4xx/Include -I../Drivers/CMSIS/Include -O0 -ffunction-sections -fdata-sections -Wall -fstack-usage -MMD -MP -MF"Core/Src/drivers/write_driver.d" -MT"Core/Src/drivers/write_driver.o" --specs=nano.specs -mfpu=fpv4-sp-d16 -mfloat-abi=hard -mthumb -o "Core/Src/drivers/write_driver.o"
arm-none-eabi-gcc "../Core/Src/main.c" -mcpu=cortex-m4 -std=gnu11 -g3 -DDEBUG -DUSE_HAL_DRIVER -DSTM32F427xx -c -I../Core/Inc -I../Drivers/STM32F4xx_HAL_Driver/Inc -I../Drivers/STM32F4xx_HAL_Driver/Inc/Legacy -I../Drivers/CMSIS/Device/ST/STM32F4xx/Include -I../Drivers/CMSIS/Include -O0 -ffunction-sections -fdata-sections -Wall -fstack-usage -MMD -MP -MF"Core/Src/main.d" -MT"Core/Src/main.o" --specs=nano.specs -mfpu=fpv4-sp-d16 -mfloat-abi=hard -mthumb -o "Core/Src/main.o"
../Core/Src/main.c: In function 'get_time_of_color':
../Core/Src/main.c:86:1: warning: control reaches end of non-void function [-Wreturn-type]
   86 | }
      | ^
arm-none-eabi-gcc -o "lab1.elf" @"objects.list"   -mcpu=cortex-m4 -T"C:\Users\diana\Desktop\itmo\computer-system-design\lab1\lab1\STM32F427VITX_FLASH.ld" --specs=nosys.specs -Wl,-Map="lab1.map" -Wl,--gc-sections -static --specs=nano.specs -mfpu=fpv4-sp-d16 -mfloat-abi=hard -mthumb -Wl,--start-group -lc -lm -Wl,--end-group
Finished building target: lab1.elf
 
arm-none-eabi-size   lab1.elf 
arm-none-eabi-objdump -h -S  lab1.elf  > "lab1.list"
   text	   data	    bss	    dec	    hex	filename
   6820	     20	   1580	   8420	   20e4	lab1.elf
Finished building: default.size.stdout
 
Finished building: lab1.list
 
13:22:18 **** Incremental Build of configuration Debug for project lab1 ****
make -j8 all 
arm-none-eabi-size   lab1.elf 
   text	   data	    bss	    dec	    hex	filename
   6820	     20	   1580	   8420	   20e4	lab1.elf
Finished building: default.size.stdout
 
13:27:23 **** Incremental Build of configuration Debug for project lab1 ****
make -j8 all 
arm-none-eabi-gcc "../Core/Src/main.c" -mcpu=cortex-m4 -std=gnu11 -g3 -DDEBUG -DUSE_HAL_DRIVER -DSTM32F427xx -c -I../Core/Inc -I../Drivers/STM32F4xx_HAL_Driver/Inc -I../Drivers/STM32F4xx_HAL_Driver/Inc/Legacy -I../Drivers/CMSIS/Device/ST/STM32F4xx/Include -I../Drivers/CMSIS/Include -O0 -ffunction-sections -fdata-sections -Wall -fstack-usage -MMD -MP -MF"Core/Src/main.d" -MT"Core/Src/main.o" --specs=nano.specs -mfpu=fpv4-sp-d16 -mfloat-abi=hard -mthumb -o "Core/Src/main.o"
../Core/Src/main.c: In function 'main':
../Core/Src/main.c:147:18: warning: unused variable 'pin_info' [-Wunused-variable]
  147 |    GPIO_PinState pin_info = read_button();
      |                  ^~~~~~~~
../Core/Src/main.c: In function 'get_time_of_color':
../Core/Src/main.c:86:1: warning: control reaches end of non-void function [-Wreturn-type]
   86 | }
      | ^
arm-none-eabi-gcc -o "lab1.elf" @"objects.list"   -mcpu=cortex-m4 -T"C:\Users\diana\Desktop\itmo\computer-system-design\lab1\lab1\STM32F427VITX_FLASH.ld" --specs=nosys.specs -Wl,-Map="lab1.map" -Wl,--gc-sections -static --specs=nano.specs -mfpu=fpv4-sp-d16 -mfloat-abi=hard -mthumb -Wl,--start-group -lc -lm -Wl,--end-group
Finished building target: lab1.elf
 
arm-none-eabi-size   lab1.elf 
arm-none-eabi-objdump -h -S  lab1.elf  > "lab1.list"
   text	   data	    bss	    dec	    hex	filename
   6804	     20	   1580	   8404	   20d4	lab1.elf
Finished building: default.size.stdout
 
Finished building: lab1.list
 
13:27:27 **** Incremental Build of configuration Debug for project lab1 ****
make -j8 all 
arm-none-eabi-size   lab1.elf 
   text	   data	    bss	    dec	    hex	filename
   6804	     20	   1580	   8404	   20d4	lab1.elf
Finished building: default.size.stdout
 
13:30:32 **** Incremental Build of configuration Debug for project lab1 ****
make -j8 all 
arm-none-eabi-gcc "../Core/Src/main.c" -mcpu=cortex-m4 -std=gnu11 -g3 -DDEBUG -DUSE_HAL_DRIVER -DSTM32F427xx -c -I../Core/Inc -I../Drivers/STM32F4xx_HAL_Driver/Inc -I../Drivers/STM32F4xx_HAL_Driver/Inc/Legacy -I../Drivers/CMSIS/Device/ST/STM32F4xx/Include -I../Drivers/CMSIS/Include -O0 -ffunction-sections -fdata-sections -Wall -fstack-usage -MMD -MP -MF"Core/Src/main.d" -MT"Core/Src/main.o" --specs=nano.specs -mfpu=fpv4-sp-d16 -mfloat-abi=hard -mthumb -o "Core/Src/main.o"
../Core/Src/main.c: In function 'main':
../Core/Src/main.c:147:18: warning: unused variable 'pin_info' [-Wunused-variable]
  147 |    GPIO_PinState pin_info = read_button();
      |                  ^~~~~~~~
../Core/Src/main.c: In function 'get_time_of_color':
../Core/Src/main.c:86:1: warning: control reaches end of non-void function [-Wreturn-type]
   86 | }
      | ^
arm-none-eabi-gcc -o "lab1.elf" @"objects.list"   -mcpu=cortex-m4 -T"C:\Users\diana\Desktop\itmo\computer-system-design\lab1\lab1\STM32F427VITX_FLASH.ld" --specs=nosys.specs -Wl,-Map="lab1.map" -Wl,--gc-sections -static --specs=nano.specs -mfpu=fpv4-sp-d16 -mfloat-abi=hard -mthumb -Wl,--start-group -lc -lm -Wl,--end-group
Finished building target: lab1.elf
 
arm-none-eabi-size   lab1.elf 
arm-none-eabi-objdump -h -S  lab1.elf  > "lab1.list"
   text	   data	    bss	    dec	    hex	filename
   6804	     20	   1580	   8404	   20d4	lab1.elf
Finished building: default.size.stdout
 
Finished building: lab1.list
 
13:30:37 **** Incremental Build of configuration Debug for project lab1 ****
make -j8 all 
arm-none-eabi-size   lab1.elf 
   text	   data	    bss	    dec	    hex	filename
   6804	     20	   1580	   8404	   20d4	lab1.elf
Finished building: default.size.stdout
 
13:33:26 **** Incremental Build of configuration Debug for project lab1 ****
make -j8 all 
arm-none-eabi-gcc "../Core/Src/main.c" -mcpu=cortex-m4 -std=gnu11 -g3 -DDEBUG -DUSE_HAL_DRIVER -DSTM32F427xx -c -I../Core/Inc -I../Drivers/STM32F4xx_HAL_Driver/Inc -I../Drivers/STM32F4xx_HAL_Driver/Inc/Legacy -I../Drivers/CMSIS/Device/ST/STM32F4xx/Include -I../Drivers/CMSIS/Include -O0 -ffunction-sections -fdata-sections -Wall -fstack-usage -MMD -MP -MF"Core/Src/main.d" -MT"Core/Src/main.o" --specs=nano.specs -mfpu=fpv4-sp-d16 -mfloat-abi=hard -mthumb -o "Core/Src/main.o"
../Core/Src/main.c: In function 'main':
../Core/Src/main.c:147:18: warning: unused variable 'pin_info' [-Wunused-variable]
  147 |    GPIO_PinState pin_info = read_button();
      |                  ^~~~~~~~
../Core/Src/main.c: In function 'get_time_of_color':
../Core/Src/main.c:86:1: warning: control reaches end of non-void function [-Wreturn-type]
   86 | }
      | ^
arm-none-eabi-gcc -o "lab1.elf" @"objects.list"   -mcpu=cortex-m4 -T"C:\Users\diana\Desktop\itmo\computer-system-design\lab1\lab1\STM32F427VITX_FLASH.ld" --specs=nosys.specs -Wl,-Map="lab1.map" -Wl,--gc-sections -static --specs=nano.specs -mfpu=fpv4-sp-d16 -mfloat-abi=hard -mthumb -Wl,--start-group -lc -lm -Wl,--end-group
Finished building target: lab1.elf
 
arm-none-eabi-size   lab1.elf 
arm-none-eabi-objdump -h -S  lab1.elf  > "lab1.list"
   text	   data	    bss	    dec	    hex	filename
   6804	     20	   1580	   8404	   20d4	lab1.elf
Finished building: default.size.stdout
 
Finished building: lab1.list
 
13:33:30 **** Incremental Build of configuration Debug for project lab1 ****
make -j8 all 
arm-none-eabi-size   lab1.elf 
   text	   data	    bss	    dec	    hex	filename
   6804	     20	   1580	   8404	   20d4	lab1.elf
Finished building: default.size.stdout
 
13:33:53 **** Incremental Build of configuration Debug for project lab1 ****
make -j8 all 
arm-none-eabi-gcc "../Core/Src/main.c" -mcpu=cortex-m4 -std=gnu11 -g3 -DDEBUG -DUSE_HAL_DRIVER -DSTM32F427xx -c -I../Core/Inc -I../Drivers/STM32F4xx_HAL_Driver/Inc -I../Drivers/STM32F4xx_HAL_Driver/Inc/Legacy -I../Drivers/CMSIS/Device/ST/STM32F4xx/Include -I../Drivers/CMSIS/Include -O0 -ffunction-sections -fdata-sections -Wall -fstack-usage -MMD -MP -MF"Core/Src/main.d" -MT"Core/Src/main.o" --specs=nano.specs -mfpu=fpv4-sp-d16 -mfloat-abi=hard -mthumb -o "Core/Src/main.o"
../Core/Src/main.c: In function 'main':
../Core/Src/main.c:147:18: warning: unused variable 'pin_info' [-Wunused-variable]
  147 |    GPIO_PinState pin_info = read_button();
      |                  ^~~~~~~~
../Core/Src/main.c: In function 'get_time_of_color':
../Core/Src/main.c:86:1: warning: control reaches end of non-void function [-Wreturn-type]
   86 | }
      | ^
arm-none-eabi-gcc -o "lab1.elf" @"objects.list"   -mcpu=cortex-m4 -T"C:\Users\diana\Desktop\itmo\computer-system-design\lab1\lab1\STM32F427VITX_FLASH.ld" --specs=nosys.specs -Wl,-Map="lab1.map" -Wl,--gc-sections -static --specs=nano.specs -mfpu=fpv4-sp-d16 -mfloat-abi=hard -mthumb -Wl,--start-group -lc -lm -Wl,--end-group
Finished building target: lab1.elf
 
arm-none-eabi-size   lab1.elf 
arm-none-eabi-objdump -h -S  lab1.elf  > "lab1.list"
   text	   data	    bss	    dec	    hex	filename
   6804	     20	   1580	   8404	   20d4	lab1.elf
Finished building: default.size.stdout
 
Finished building: lab1.list
 
13:33:59 **** Incremental Build of configuration Debug for project lab1 ****
make -j8 all 
arm-none-eabi-size   lab1.elf 
   text	   data	    bss	    dec	    hex	filename
   6804	     20	   1580	   8404	   20d4	lab1.elf
Finished building: default.size.stdout
 
13:34:57 **** Incremental Build of configuration Debug for project lab1 ****
make -j8 all 
arm-none-eabi-gcc "../Core/Src/main.c" -mcpu=cortex-m4 -std=gnu11 -g3 -DDEBUG -DUSE_HAL_DRIVER -DSTM32F427xx -c -I../Core/Inc -I../Drivers/STM32F4xx_HAL_Driver/Inc -I../Drivers/STM32F4xx_HAL_Driver/Inc/Legacy -I../Drivers/CMSIS/Device/ST/STM32F4xx/Include -I../Drivers/CMSIS/Include -O0 -ffunction-sections -fdata-sections -Wall -fstack-usage -MMD -MP -MF"Core/Src/main.d" -MT"Core/Src/main.o" --specs=nano.specs -mfpu=fpv4-sp-d16 -mfloat-abi=hard -mthumb -o "Core/Src/main.o"
../Core/Src/main.c: In function 'main':
../Core/Src/main.c:147:18: warning: unused variable 'pin_info' [-Wunused-variable]
  147 |    GPIO_PinState pin_info = read_button();
      |                  ^~~~~~~~
../Core/Src/main.c: In function 'get_time_of_color':
../Core/Src/main.c:86:1: warning: control reaches end of non-void function [-Wreturn-type]
   86 | }
      | ^
arm-none-eabi-gcc -o "lab1.elf" @"objects.list"   -mcpu=cortex-m4 -T"C:\Users\diana\Desktop\itmo\computer-system-design\lab1\lab1\STM32F427VITX_FLASH.ld" --specs=nosys.specs -Wl,-Map="lab1.map" -Wl,--gc-sections -static --specs=nano.specs -mfpu=fpv4-sp-d16 -mfloat-abi=hard -mthumb -Wl,--start-group -lc -lm -Wl,--end-group
Finished building target: lab1.elf
 
arm-none-eabi-size   lab1.elf 
arm-none-eabi-objdump -h -S  lab1.elf  > "lab1.list"
   text	   data	    bss	    dec	    hex	filename
   6804	     20	   1580	   8404	   20d4	lab1.elf
Finished building: default.size.stdout
 
Finished building: lab1.list
 
13:35:03 **** Incremental Build of configuration Debug for project lab1 ****
make -j8 all 
arm-none-eabi-size   lab1.elf 
   text	   data	    bss	    dec	    hex	filename
   6804	     20	   1580	   8404	   20d4	lab1.elf
Finished building: default.size.stdout
 
13:35:05 **** Incremental Build of configuration Debug for project lab1 ****
make -j8 all 
arm-none-eabi-size   lab1.elf 
   text	   data	    bss	    dec	    hex	filename
   6804	     20	   1580	   8404	   20d4	lab1.elf
Finished building: default.size.stdout
 
13:35:39 **** Incremental Build of configuration Debug for project lab1 ****
make -j8 all 
arm-none-eabi-gcc "../Core/Src/main.c" -mcpu=cortex-m4 -std=gnu11 -g3 -DDEBUG -DUSE_HAL_DRIVER -DSTM32F427xx -c -I../Core/Inc -I../Drivers/STM32F4xx_HAL_Driver/Inc -I../Drivers/STM32F4xx_HAL_Driver/Inc/Legacy -I../Drivers/CMSIS/Device/ST/STM32F4xx/Include -I../Drivers/CMSIS/Include -O0 -ffunction-sections -fdata-sections -Wall -fstack-usage -MMD -MP -MF"Core/Src/main.d" -MT"Core/Src/main.o" --specs=nano.specs -mfpu=fpv4-sp-d16 -mfloat-abi=hard -mthumb -o "Core/Src/main.o"
../Core/Src/main.c: In function 'main':
../Core/Src/main.c:147:18: warning: unused variable 'pin_info' [-Wunused-variable]
  147 |    GPIO_PinState pin_info = read_button();
      |                  ^~~~~~~~
../Core/Src/main.c: In function 'get_time_of_color':
../Core/Src/main.c:86:1: warning: control reaches end of non-void function [-Wreturn-type]
   86 | }
      | ^
arm-none-eabi-gcc -o "lab1.elf" @"objects.list"   -mcpu=cortex-m4 -T"C:\Users\diana\Desktop\itmo\computer-system-design\lab1\lab1\STM32F427VITX_FLASH.ld" --specs=nosys.specs -Wl,-Map="lab1.map" -Wl,--gc-sections -static --specs=nano.specs -mfpu=fpv4-sp-d16 -mfloat-abi=hard -mthumb -Wl,--start-group -lc -lm -Wl,--end-group
Finished building target: lab1.elf
 
arm-none-eabi-size   lab1.elf 
arm-none-eabi-objdump -h -S  lab1.elf  > "lab1.list"
   text	   data	    bss	    dec	    hex	filename
   6804	     20	   1580	   8404	   20d4	lab1.elf
Finished building: default.size.stdout
 
Finished building: lab1.list
 
13:35:43 **** Incremental Build of configuration Debug for project lab1 ****
make -j8 all 
arm-none-eabi-size   lab1.elf 
   text	   data	    bss	    dec	    hex	filename
   6804	     20	   1580	   8404	   20d4	lab1.elf
Finished building: default.size.stdout
 
13:38:00 **** Incremental Build of configuration Debug for project lab1 ****
make -j8 all 
arm-none-eabi-gcc "../Core/Src/main.c" -mcpu=cortex-m4 -std=gnu11 -g3 -DDEBUG -DUSE_HAL_DRIVER -DSTM32F427xx -c -I../Core/Inc -I../Drivers/STM32F4xx_HAL_Driver/Inc -I../Drivers/STM32F4xx_HAL_Driver/Inc/Legacy -I../Drivers/CMSIS/Device/ST/STM32F4xx/Include -I../Drivers/CMSIS/Include -O0 -ffunction-sections -fdata-sections -Wall -fstack-usage -MMD -MP -MF"Core/Src/main.d" -MT"Core/Src/main.o" --specs=nano.specs -mfpu=fpv4-sp-d16 -mfloat-abi=hard -mthumb -o "Core/Src/main.o"
../Core/Src/main.c: In function 'main':
../Core/Src/main.c:147:18: warning: unused variable 'pin_info' [-Wunused-variable]
  147 |    GPIO_PinState pin_info = read_button();
      |                  ^~~~~~~~
../Core/Src/main.c: In function 'get_time_of_color':
../Core/Src/main.c:86:1: warning: control reaches end of non-void function [-Wreturn-type]
   86 | }
      | ^
arm-none-eabi-gcc -o "lab1.elf" @"objects.list"   -mcpu=cortex-m4 -T"C:\Users\diana\Desktop\itmo\computer-system-design\lab1\lab1\STM32F427VITX_FLASH.ld" --specs=nosys.specs -Wl,-Map="lab1.map" -Wl,--gc-sections -static --specs=nano.specs -mfpu=fpv4-sp-d16 -mfloat-abi=hard -mthumb -Wl,--start-group -lc -lm -Wl,--end-group
Finished building target: lab1.elf
 
arm-none-eabi-size   lab1.elf 
arm-none-eabi-objdump -h -S  lab1.elf  > "lab1.list"
   text	   data	    bss	    dec	    hex	filename
   6804	     20	   1580	   8404	   20d4	lab1.elf
Finished building: default.size.stdout
 
Finished building: lab1.list
 
13:38:03 **** Incremental Build of configuration Debug for project lab1 ****
make -j8 all 
arm-none-eabi-size   lab1.elf 
   text	   data	    bss	    dec	    hex	filename
   6804	     20	   1580	   8404	   20d4	lab1.elf
Finished building: default.size.stdout
 
13:38:46 **** Incremental Build of configuration Debug for project lab1 ****
make -j8 all 
arm-none-eabi-gcc "../Core/Src/drivers/read_driver.c" -mcpu=cortex-m4 -std=gnu11 -g3 -DDEBUG -DUSE_HAL_DRIVER -DSTM32F427xx -c -I../Core/Inc -I../Drivers/STM32F4xx_HAL_Driver/Inc -I../Drivers/STM32F4xx_HAL_Driver/Inc/Legacy -I../Drivers/CMSIS/Device/ST/STM32F4xx/Include -I../Drivers/CMSIS/Include -O0 -ffunction-sections -fdata-sections -Wall -fstack-usage -MMD -MP -MF"Core/Src/drivers/read_driver.d" -MT"Core/Src/drivers/read_driver.o" --specs=nano.specs -mfpu=fpv4-sp-d16 -mfloat-abi=hard -mthumb -o "Core/Src/drivers/read_driver.o"
arm-none-eabi-gcc -o "lab1.elf" @"objects.list"   -mcpu=cortex-m4 -T"C:\Users\diana\Desktop\itmo\computer-system-design\lab1\lab1\STM32F427VITX_FLASH.ld" --specs=nosys.specs -Wl,-Map="lab1.map" -Wl,--gc-sections -static --specs=nano.specs -mfpu=fpv4-sp-d16 -mfloat-abi=hard -mthumb -Wl,--start-group -lc -lm -Wl,--end-group
Finished building target: lab1.elf
 
arm-none-eabi-size   lab1.elf 
arm-none-eabi-objdump -h -S  lab1.elf  > "lab1.list"
   text	   data	    bss	    dec	    hex	filename
   6812	     20	   1580	   8412	   20dc	lab1.elf
Finished building: default.size.stdout
 
Finished building: lab1.list
 
13:38:49 **** Incremental Build of configuration Debug for project lab1 ****
make -j8 all 
arm-none-eabi-size   lab1.elf 
   text	   data	    bss	    dec	    hex	filename
   6812	     20	   1580	   8412	   20dc	lab1.elf
Finished building: default.size.stdout
 
13:42:36 **** Incremental Build of configuration Debug for project lab1 ****
make -j8 all 
arm-none-eabi-gcc "../Core/Src/main.c" -mcpu=cortex-m4 -std=gnu11 -g3 -DDEBUG -DUSE_HAL_DRIVER -DSTM32F427xx -c -I../Core/Inc -I../Drivers/STM32F4xx_HAL_Driver/Inc -I../Drivers/STM32F4xx_HAL_Driver/Inc/Legacy -I../Drivers/CMSIS/Device/ST/STM32F4xx/Include -I../Drivers/CMSIS/Include -O0 -ffunction-sections -fdata-sections -Wall -fstack-usage -MMD -MP -MF"Core/Src/main.d" -MT"Core/Src/main.o" --specs=nano.specs -mfpu=fpv4-sp-d16 -mfloat-abi=hard -mthumb -o "Core/Src/main.o"
../Core/Src/main.c: In function 'main':
../Core/Src/main.c:147:18: warning: unused variable 'pin_info' [-Wunused-variable]
  147 |    GPIO_PinState pin_info = read_button();
      |                  ^~~~~~~~
../Core/Src/main.c: In function 'get_time_of_color':
../Core/Src/main.c:86:1: warning: control reaches end of non-void function [-Wreturn-type]
   86 | }
      | ^
arm-none-eabi-gcc -o "lab1.elf" @"objects.list"   -mcpu=cortex-m4 -T"C:\Users\diana\Desktop\itmo\computer-system-design\lab1\lab1\STM32F427VITX_FLASH.ld" --specs=nosys.specs -Wl,-Map="lab1.map" -Wl,--gc-sections -static --specs=nano.specs -mfpu=fpv4-sp-d16 -mfloat-abi=hard -mthumb -Wl,--start-group -lc -lm -Wl,--end-group
Finished building target: lab1.elf
 
arm-none-eabi-size   lab1.elf 
arm-none-eabi-objdump -h -S  lab1.elf  > "lab1.list"
   text	   data	    bss	    dec	    hex	filename
   6732	     20	   1580	   8332	   208c	lab1.elf
Finished building: default.size.stdout
 
Finished building: lab1.list
 
13:42:51 **** Incremental Build of configuration Debug for project lab1 ****
make -j8 all 
arm-none-eabi-size   lab1.elf 
   text	   data	    bss	    dec	    hex	filename
   6732	     20	   1580	   8332	   208c	lab1.elf
Finished building: default.size.stdout
 
13:43:32 **** Incremental Build of configuration Debug for project lab1 ****
make -j8 all 
arm-none-eabi-gcc "../Core/Src/drivers/write_driver.c" -mcpu=cortex-m4 -std=gnu11 -g3 -DDEBUG -DUSE_HAL_DRIVER -DSTM32F427xx -c -I../Core/Inc -I../Drivers/STM32F4xx_HAL_Driver/Inc -I../Drivers/STM32F4xx_HAL_Driver/Inc/Legacy -I../Drivers/CMSIS/Device/ST/STM32F4xx/Include -I../Drivers/CMSIS/Include -O0 -ffunction-sections -fdata-sections -Wall -fstack-usage -MMD -MP -MF"Core/Src/drivers/write_driver.d" -MT"Core/Src/drivers/write_driver.o" --specs=nano.specs -mfpu=fpv4-sp-d16 -mfloat-abi=hard -mthumb -o "Core/Src/drivers/write_driver.o"
arm-none-eabi-gcc -o "lab1.elf" @"objects.list"   -mcpu=cortex-m4 -T"C:\Users\diana\Desktop\itmo\computer-system-design\lab1\lab1\STM32F427VITX_FLASH.ld" --specs=nosys.specs -Wl,-Map="lab1.map" -Wl,--gc-sections -static --specs=nano.specs -mfpu=fpv4-sp-d16 -mfloat-abi=hard -mthumb -Wl,--start-group -lc -lm -Wl,--end-group
Finished building target: lab1.elf
 
arm-none-eabi-size   lab1.elf 
arm-none-eabi-objdump -h -S  lab1.elf  > "lab1.list"
   text	   data	    bss	    dec	    hex	filename
   6732	     20	   1580	   8332	   208c	lab1.elf
Finished building: default.size.stdout
 
Finished building: lab1.list
 
13:43:35 **** Incremental Build of configuration Debug for project lab1 ****
make -j8 all 
arm-none-eabi-size   lab1.elf 
   text	   data	    bss	    dec	    hex	filename
   6732	     20	   1580	   8332	   208c	lab1.elf
Finished building: default.size.stdout
 
13:44:19 **** Incremental Build of configuration Debug for project lab1 ****
make -j8 all 
arm-none-eabi-gcc "../Core/Src/main.c" -mcpu=cortex-m4 -std=gnu11 -g3 -DDEBUG -DUSE_HAL_DRIVER -DSTM32F427xx -c -I../Core/Inc -I../Drivers/STM32F4xx_HAL_Driver/Inc -I../Drivers/STM32F4xx_HAL_Driver/Inc/Legacy -I../Drivers/CMSIS/Device/ST/STM32F4xx/Include -I../Drivers/CMSIS/Include -O0 -ffunction-sections -fdata-sections -Wall -fstack-usage -MMD -MP -MF"Core/Src/main.d" -MT"Core/Src/main.o" --specs=nano.specs -mfpu=fpv4-sp-d16 -mfloat-abi=hard -mthumb -o "Core/Src/main.o"
../Core/Src/main.c: In function 'main':
../Core/Src/main.c:147:18: warning: unused variable 'pin_info' [-Wunused-variable]
  147 |    GPIO_PinState pin_info = read_button();
      |                  ^~~~~~~~
../Core/Src/main.c: In function 'get_time_of_color':
../Core/Src/main.c:86:1: warning: control reaches end of non-void function [-Wreturn-type]
   86 | }
      | ^
arm-none-eabi-gcc -o "lab1.elf" @"objects.list"   -mcpu=cortex-m4 -T"C:\Users\diana\Desktop\itmo\computer-system-design\lab1\lab1\STM32F427VITX_FLASH.ld" --specs=nosys.specs -Wl,-Map="lab1.map" -Wl,--gc-sections -static --specs=nano.specs -mfpu=fpv4-sp-d16 -mfloat-abi=hard -mthumb -Wl,--start-group -lc -lm -Wl,--end-group
Finished building target: lab1.elf
 
arm-none-eabi-size   lab1.elf 
arm-none-eabi-objdump -h -S  lab1.elf  > "lab1.list"
   text	   data	    bss	    dec	    hex	filename
   6732	     20	   1580	   8332	   208c	lab1.elf
Finished building: default.size.stdout
 
Finished building: lab1.list
 
13:44:24 **** Incremental Build of configuration Debug for project lab1 ****
make -j8 all 
arm-none-eabi-size   lab1.elf 
   text	   data	    bss	    dec	    hex	filename
   6732	     20	   1580	   8332	   208c	lab1.elf
Finished building: default.size.stdout
 
13:54:27 **** Incremental Build of configuration Debug for project lab1 ****
make -j8 all 
arm-none-eabi-gcc "../Core/Src/main.c" -mcpu=cortex-m4 -std=gnu11 -g3 -DDEBUG -DUSE_HAL_DRIVER -DSTM32F427xx -c -I../Core/Inc -I../Drivers/STM32F4xx_HAL_Driver/Inc -I../Drivers/STM32F4xx_HAL_Driver/Inc/Legacy -I../Drivers/CMSIS/Device/ST/STM32F4xx/Include -I../Drivers/CMSIS/Include -O0 -ffunction-sections -fdata-sections -Wall -fstack-usage -MMD -MP -MF"Core/Src/main.d" -MT"Core/Src/main.o" --specs=nano.specs -mfpu=fpv4-sp-d16 -mfloat-abi=hard -mthumb -o "Core/Src/main.o"
../Core/Src/main.c: In function 'get_time_of_color':
../Core/Src/main.c:86:1: warning: control reaches end of non-void function [-Wreturn-type]
   86 | }
      | ^
arm-none-eabi-gcc -o "lab1.elf" @"objects.list"   -mcpu=cortex-m4 -T"C:\Users\diana\Desktop\itmo\computer-system-design\lab1\lab1\STM32F427VITX_FLASH.ld" --specs=nosys.specs -Wl,-Map="lab1.map" -Wl,--gc-sections -static --specs=nano.specs -mfpu=fpv4-sp-d16 -mfloat-abi=hard -mthumb -Wl,--start-group -lc -lm -Wl,--end-group
Finished building target: lab1.elf
 
arm-none-eabi-size   lab1.elf 
arm-none-eabi-objdump -h -S  lab1.elf  > "lab1.list"
   text	   data	    bss	    dec	    hex	filename
   6672	     20	   1580	   8272	   2050	lab1.elf
Finished building: default.size.stdout
 
Finished building: lab1.list
 
13:54:31 **** Incremental Build of configuration Debug for project lab1 ****
make -j8 all 
arm-none-eabi-size   lab1.elf 
   text	   data	    bss	    dec	    hex	filename
   6672	     20	   1580	   8272	   2050	lab1.elf
Finished building: default.size.stdout
 
